<?xml version="1.0" encoding="UTF-8"?>
<!-- Generated by org.testng.reporters.JUnitReportReporter -->
<testsuite hostname="Shubhangi30" failures="0" tests="1" name="SeleniumProject1.amazon.TestCase7" time="37.922" errors="0" timestamp="2024-10-09T12:48:00 IST" skipped="0">
  <testcase classname="SeleniumProject1.amazon.TestCase7" name="test7" time="37.922"/>
  <system-out/>
</testsuite> <!-- SeleniumProject1.amazon.TestCase7 -->
