<?xml version="1.0" encoding="UTF-8"?>
<!-- Generated by org.testng.reporters.JUnitReportReporter -->
<testsuite hostname="Shubhangi30" failures="0" tests="1" name="SeleniumProject1.amazon.TestCase12" time="52.713" errors="0" timestamp="2024-10-10T16:39:47 IST" skipped="0">
  <testcase classname="SeleniumProject1.amazon.TestCase12" name="paymentmethod" time="52.713"/>
  <system-out/>
</testsuite> <!-- SeleniumProject1.amazon.TestCase12 -->
