<?xml version="1.0" encoding="UTF-8"?>
<!-- Generated by org.testng.reporters.JUnitReportReporter -->
<testsuite hostname="Shubhangi30" failures="0" tests="1" name="SeleniumProject1.amazon.TestCase4" time="28.367" errors="0" timestamp="2024-10-06T12:50:30 IST" skipped="0">
  <testcase classname="SeleniumProject1.amazon.TestCase4" name="edit" time="28.367"/>
  <system-out/>
</testsuite> <!-- SeleniumProject1.amazon.TestCase4 -->
