<?xml version="1.0" encoding="UTF-8"?>
<!-- Generated by org.testng.reporters.JUnitReportReporter -->
<testsuite hostname="Shubhangi30" failures="0" tests="1" name="SeleniumProject1.amazon.TestCase8" time="18.280" errors="0" timestamp="2024-10-09T12:56:50 IST" skipped="0">
  <testcase classname="SeleniumProject1.amazon.TestCase8" name="test8" time="18.280"/>
  <system-out/>
</testsuite> <!-- SeleniumProject1.amazon.TestCase8 -->
