<?xml version="1.0" encoding="UTF-8"?>
<!-- Generated by org.testng.reporters.JUnitReportReporter -->
<testsuite hostname="Shubhangi30" failures="0" tests="1" name="SeleniumProject1.amazon.TestCase14" time="26.873" errors="0" timestamp="2024-10-10T19:04:53 IST" skipped="0">
  <testcase classname="SeleniumProject1.amazon.TestCase14" name="GiveFivestartrating" time="26.873"/>
  <system-out/>
</testsuite> <!-- SeleniumProject1.amazon.TestCase14 -->
