<?xml version="1.0" encoding="UTF-8"?>
<!-- Generated by org.testng.reporters.JUnitReportReporter -->
<testsuite hostname="Shubhangi30" failures="0" tests="1" name="SeleniumProject1.amazon.TestCase5" time="16.442" errors="0" timestamp="2024-10-06T13:15:35 IST" skipped="0">
  <testcase classname="SeleniumProject1.amazon.TestCase5" name="SearchingProduct" time="16.442"/>
  <system-out/>
</testsuite> <!-- SeleniumProject1.amazon.TestCase5 -->
