<?xml version="1.0" encoding="UTF-8"?>
<!-- Generated by org.testng.reporters.JUnitReportReporter -->
<testsuite hostname="Shubhangi30" failures="0" tests="1" name="SeleniumProject1.amazon.TestCase1" time="20.516" errors="0" timestamp="2024-10-04T18:31:05 IST" skipped="0">
  <testcase classname="SeleniumProject1.amazon.TestCase1" name="Register" time="20.516"/>
  <system-out/>
</testsuite> <!-- SeleniumProject1.amazon.TestCase1 -->
