<?xml version="1.0" encoding="UTF-8"?>
<!-- Generated by org.testng.reporters.JUnitReportReporter -->
<testsuite hostname="Shubhangi30" failures="0" tests="1" name="SeleniumProject1.amazon.TestCase6" time="20.397" errors="0" timestamp="2024-10-09T12:00:55 IST" skipped="0">
  <testcase classname="SeleniumProject1.amazon.TestCase6" name="filter" time="20.397"/>
  <system-out/>
</testsuite> <!-- SeleniumProject1.amazon.TestCase6 -->
