<?xml version="1.0" encoding="UTF-8"?>
<!-- Generated by org.testng.reporters.JUnitReportReporter -->
<testsuite hostname="Shubhangi30" failures="0" tests="1" name="SeleniumProject1.amazon.TestClass9" time="34.804" errors="0" timestamp="2024-10-07T13:52:14 IST" skipped="0">
  <testcase classname="SeleniumProject1.amazon.TestClass9" name="addtocart" time="34.804"/>
  <system-out/>
</testsuite> <!-- SeleniumProject1.amazon.TestClass9 -->
