<?xml version="1.0" encoding="UTF-8"?>
<!-- Generated by org.testng.reporters.JUnitReportReporter -->
<testsuite hostname="Shubhangi30" failures="0" tests="1" name="SeleniumProject1.amazon.TestCase13" time="34.022" errors="0" timestamp="2024-10-10T17:39:04 IST" skipped="0">
  <testcase classname="SeleniumProject1.amazon.TestCase13" name="Coupen" time="34.022"/>
  <system-out/>
</testsuite> <!-- SeleniumProject1.amazon.TestCase13 -->
