<?xml version="1.0" encoding="UTF-8"?>
<!-- Generated by org.testng.reporters.JUnitReportReporter -->
<testsuite hostname="Shubhangi30" failures="0" tests="1" name="SeleniumProject1.amazon.TestCase2" time="18.866" errors="0" timestamp="2024-10-04T18:39:37 IST" skipped="0">
  <testcase classname="SeleniumProject1.amazon.TestCase2" name="LoginCorrect" time="18.866"/>
  <system-out/>
</testsuite> <!-- SeleniumProject1.amazon.TestCase2 -->
