<?xml version="1.0" encoding="UTF-8"?>
<!-- Generated by org.testng.reporters.JUnitReportReporter -->
<testsuite hostname="Shubhangi30" failures="0" tests="1" name="SeleniumProject1.amazon.TestCase10" time="33.460" errors="0" timestamp="2024-10-09T13:14:11 IST" skipped="0">
  <testcase classname="SeleniumProject1.amazon.TestCase10" name="quanityaddandremovefromcart" time="33.460"/>
  <system-out/>
</testsuite> <!-- SeleniumProject1.amazon.TestCase10 -->
