<?xml version="1.0" encoding="UTF-8"?>
<!-- Generated by org.testng.reporters.JUnitReportReporter -->
<testsuite hostname="Shubhangi30" failures="0" tests="1" name="amazon_Project1.Amazon1.TestCase11" time="56.099" errors="0" timestamp="2024-10-24T18:46:14 IST" skipped="0">
  <testcase classname="amazon_Project1.Amazon1.TestCase11" name="paymentmethod" time="56.099"/>
  <system-out>
    <![CDATA[My test case is pass]]>
  </system-out>
</testsuite> <!-- amazon_Project1.Amazon1.TestCase11 -->
