<?xml version="1.0" encoding="UTF-8"?>
<!-- Generated by org.testng.reporters.JUnitReportReporter -->
<testsuite hostname="Shubhangi30" failures="0" tests="1" name="amazon_Project1.Amazon1.TestClass9" time="33.884" errors="0" timestamp="2024-10-24T13:37:25 IST" skipped="0">
  <testcase classname="amazon_Project1.Amazon1.TestClass9" name="addtocart" time="33.884"/>
  <system-out>
    <![CDATA[My test case is pass]]>
  </system-out>
</testsuite> <!-- amazon_Project1.Amazon1.TestClass9 -->
