<?xml version="1.0" encoding="UTF-8"?>
<!-- Generated by org.testng.reporters.JUnitReportReporter -->
<testsuite hostname="Shubhangi30" failures="0" tests="1" name="amazon_Project1.Amazon1.TestCase2" time="43.402" errors="0" timestamp="2024-10-24T12:45:36 IST" skipped="0">
  <testcase classname="amazon_Project1.Amazon1.TestCase2" name="LoginCorrect" time="43.402"/>
  <system-out>
    <![CDATA[My test case is pass]]>
  </system-out>
</testsuite> <!-- amazon_Project1.Amazon1.TestCase2 -->
